<?xml version="1.0" encoding="UTF-8"?>
<!-- Generated by org.testng.reporters.JUnitXMLReporter -->
<testsuite ignored="0" hostname="LAPTOP-PTNS5S83" failures="0" tests="4" name="Default test" time="29.677" errors="0" timestamp="2021-09-28T20:40:53 IST">
  <testcase classname="scripts.LoginScripts" name="Testcase" time="8.2"/>
  <testcase classname="scripts.LoginScripts" name="Testcase" time="9.2"/>
  <testcase classname="scripts.LoginScripts" name="Testcase" time="4.454"/>
  <testcase classname="scripts.LoginScripts" name="Testcase" time="7.79"/>
</testsuite> <!-- Default test -->
