<?xml version="1.0" encoding="UTF-8"?>
<testng-results ignored="0" total="4" passed="4" failed="0" skipped="0">
  <reporter-output>
  </reporter-output>
  <suite started-at="2021-09-28T20:40:24 IST" name="Default suite" finished-at="2021-09-28T20:40:53 IST" duration-ms="29677">
    <groups>
    </groups>
    <test started-at="2021-09-28T20:40:24 IST" name="Default test" finished-at="2021-09-28T20:40:53 IST" duration-ms="29677">
      <class name="scripts.LoginScripts">
        <test-method signature="Testcase(java.lang.String,java.lang.String)[pri:0, instance:scripts.LoginScripts@75329a49]" started-at="2021-09-28T20:40:24 IST" name="Testcase" data-provider="logindata" finished-at="2021-09-28T20:40:32 IST" duration-ms="8200" status="PASS">
          <params>
            <param index="0">
              <value>
                <![CDATA[Admin@fieldy.co]]>
              </value>
            </param>
            <param index="1">
              <value>
                <![CDATA[Zaiserve@121]]>
              </value>
            </param>
          </params>
          <reporter-output>
          </reporter-output>
        </test-method> <!-- Testcase -->
        <test-method signature="Testcase(java.lang.String,java.lang.String)[pri:0, instance:scripts.LoginScripts@75329a49]" started-at="2021-09-28T20:40:32 IST" name="Testcase" data-provider="logindata" finished-at="2021-09-28T20:40:41 IST" duration-ms="9200" status="PASS">
          <params>
            <param index="0">
              <value>
                <![CDATA[Admin@fieldy.com]]>
              </value>
            </param>
            <param index="1">
              <value>
                <![CDATA[Zaiserve@123]]>
              </value>
            </param>
          </params>
          <reporter-output>
          </reporter-output>
        </test-method> <!-- Testcase -->
        <test-method signature="Testcase(java.lang.String,java.lang.String)[pri:0, instance:scripts.LoginScripts@75329a49]" started-at="2021-09-28T20:40:41 IST" name="Testcase" data-provider="logindata" finished-at="2021-09-28T20:40:45 IST" duration-ms="4454" status="PASS">
          <params>
            <param index="0">
              <value>
                <![CDATA[Admin@fiely.co]]>
              </value>
            </param>
            <param index="1">
              <value>
                <![CDATA[aiserve@121]]>
              </value>
            </param>
          </params>
          <reporter-output>
          </reporter-output>
        </test-method> <!-- Testcase -->
        <test-method signature="Testcase(java.lang.String,java.lang.String)[pri:0, instance:scripts.LoginScripts@75329a49]" started-at="2021-09-28T20:40:45 IST" name="Testcase" data-provider="logindata" finished-at="2021-09-28T20:40:53 IST" duration-ms="7790" status="PASS">
          <params>
            <param index="0">
              <value>
                <![CDATA[Admin@fieldy.co]]>
              </value>
            </param>
            <param index="1">
              <value>
                <![CDATA[Zaiserve@121]]>
              </value>
            </param>
          </params>
          <reporter-output>
          </reporter-output>
        </test-method> <!-- Testcase -->
      </class> <!-- scripts.LoginScripts -->
    </test> <!-- Default test -->
  </suite> <!-- Default suite -->
</testng-results>
